[ 2018-03-23T16:29:06+08:00 ] ::1 /framework/gitTest/Logistical-PHP/index.php/system
INFO: [ app_init ] --START--
INFO: Run Behavior\BuildLiteBehavior [ RunTime:0.000040s ]
INFO: [ app_init ] --END-- [ RunTime:0.000682s ]
INFO: [ app_begin ] --START--
INFO: Run Behavior\ReadHtmlCacheBehavior [ RunTime:0.000893s ]
INFO: [ app_begin ] --END-- [ RunTime:0.001094s ]
NOTIC: [8192] mysql_connect(): The mysql extension is deprecated and will be removed in the future: use mysqli or PDO instead G:\PHP\wamp64\www\framework\gitTest\Logistical-PHP\HomyitCore\Library\Think\Session\Driver\Db.class.php 第 95 行.
INFO: [ action_begin ] --START--
INFO: Run Common\Behavior\HyLogBehavior [ RunTime:0.003562s ]
INFO: [ action_begin ] --END-- [ RunTime:0.004022s ]
NOTIC: [2048] Declaration of Common\Model\HyFrameModel::find() should be compatible with Think\Model::find($options = Array) G:\PHP\wamp64\www\framework\gitTest\Logistical-PHP\Application\Common\Model\HyFrameModel.class.php 第 13 行.

[ 2018-03-23T16:29:06+08:00 ] ::1 /framework/gitTest/Logistical-PHP/index.php/System/HyStart/login.html
INFO: [ app_init ] --START--
INFO: Run Behavior\BuildLiteBehavior [ RunTime:0.000085s ]
INFO: [ app_init ] --END-- [ RunTime:0.001355s ]
INFO: [ app_begin ] --START--
INFO: Run Behavior\ReadHtmlCacheBehavior [ RunTime:0.001489s ]
INFO: [ app_begin ] --END-- [ RunTime:0.001925s ]
NOTIC: [8192] mysql_connect(): The mysql extension is deprecated and will be removed in the future: use mysqli or PDO instead G:\PHP\wamp64\www\framework\gitTest\Logistical-PHP\HomyitCore\Library\Think\Session\Driver\Db.class.php 第 95 行.
INFO: [ action_begin ] --START--
INFO: Run Common\Behavior\HyLogBehavior [ RunTime:0.001726s ]
INFO: [ action_begin ] --END-- [ RunTime:0.001961s ]
NOTIC: [2048] Declaration of Common\Model\HyFrameModel::find() should be compatible with Think\Model::find($options = Array) G:\PHP\wamp64\www\framework\gitTest\Logistical-PHP\Application\Common\Model\HyFrameModel.class.php 第 13 行.
NOTIC: [8] Undefined index: model G:\PHP\wamp64\www\framework\gitTest\Logistical-PHP\Application\Common\Controller\HyFrameController.class.php 第 42 行.
SQL: SHOW COLUMNS FROM `haoxun_frame_setting` [ RunTime:0.0199s ]
SQL: SELECT `key`,`value` FROM `haoxun_frame_setting` WHERE `status` < 9  [ RunTime:0.0135s ]
INFO: [ before_view ] --START--
INFO: Run Common\Behavior\HyBeforeViewBehavior [ RunTime:0.014821s ]
INFO: [ before_view ] --END-- [ RunTime:0.015052s ]
INFO: [ view_parse ] --START--
INFO: [ template_filter ] --START--
INFO: Run Behavior\ContentReplaceBehavior [ RunTime:0.000215s ]
INFO: [ template_filter ] --END-- [ RunTime:0.000415s ]
INFO: Run Behavior\ParseTemplateBehavior [ RunTime:0.013548s ]
INFO: [ view_parse ] --END-- [ RunTime:0.013778s ]
INFO: [ view_filter ] --START--
INFO: Run Behavior\WriteHtmlCacheBehavior [ RunTime:0.000616s ]
INFO: [ view_filter ] --END-- [ RunTime:0.000794s ]
INFO: [ action_end ] --START--
INFO: Run Common\Behavior\HyLogBehavior [ RunTime:0.000088s ]
INFO: [ action_end ] --END-- [ RunTime:0.000258s ]
INFO: [ app_end ] --START--
INFO: Run Behavior\ShowPageTraceBehavior [ RunTime:0.000967s ]
INFO: [ app_end ] --END-- [ RunTime:0.001206s ]

[ 2018-03-23T16:29:06+08:00 ] ::1 /framework/gitTest/Logistical-PHP/index.php/System/HyStart/favicon.ico
INFO: [ app_init ] --START--
INFO: Run Behavior\BuildLiteBehavior [ RunTime:0.000042s ]
INFO: [ app_init ] --END-- [ RunTime:0.000730s ]

