[ 2018-03-23T16:28:59+08:00 ] ::1 /framework/gitTest/Logistical-PHP/
INFO: [ app_init ] --START--
INFO: Run Behavior\BuildLiteBehavior [ RunTime:0.000097s ]
INFO: [ app_init ] --END-- [ RunTime:0.002019s ]
SQL: SHOW COLUMNS FROM `haoxun_pay` [ RunTime:0.0671s ]
SQL: SELECT * FROM `haoxun_pay` WHERE `id` = 1 LIMIT 1   [ RunTime:0.0016s ]
INFO: [ app_begin ] --START--
INFO: Run Behavior\ReadHtmlCacheBehavior [ RunTime:0.016654s ]
INFO: [ app_begin ] --END-- [ RunTime:0.017147s ]
NOTIC: [8192] mysql_connect(): The mysql extension is deprecated and will be removed in the future: use mysqli or PDO instead G:\PHP\wamp64\www\framework\gitTest\Logistical-PHP\HomyitCore\Library\Think\Session\Driver\Db.class.php 第 95 行.
INFO: [ action_begin ] --START--
INFO: Run Common\Behavior\HyLogBehavior [ RunTime:0.050550s ]
INFO: [ action_begin ] --END-- [ RunTime:0.051156s ]
SQL: SHOW COLUMNS FROM `haoxun_category` [ RunTime:0.0299s ]
SQL: SELECT * FROM `haoxun_category` WHERE `status` = 1 AND `switch` = 1 ORDER BY id  [ RunTime:0.0006s ]
INFO: [ view_parse ] --START--
INFO: [ template_filter ] --START--
INFO: Run Behavior\ContentReplaceBehavior [ RunTime:0.000137s ]
INFO: [ template_filter ] --END-- [ RunTime:0.000329s ]
INFO: Run Behavior\ParseTemplateBehavior [ RunTime:0.122812s ]
INFO: [ view_parse ] --END-- [ RunTime:0.123023s ]
INFO: [ view_filter ] --START--
INFO: Run Behavior\WriteHtmlCacheBehavior [ RunTime:0.016738s ]
INFO: [ view_filter ] --END-- [ RunTime:0.016934s ]
INFO: [ action_end ] --START--
INFO: Run Common\Behavior\HyLogBehavior [ RunTime:0.000085s ]
INFO: [ action_end ] --END-- [ RunTime:0.000256s ]
INFO: [ app_end ] --START--
INFO: Run Behavior\ShowPageTraceBehavior [ RunTime:0.008993s ]
INFO: [ app_end ] --END-- [ RunTime:0.009175s ]

